0 info it worked if it ends with ok
1 verbose cli [ 'C:\\Program Files\\nodejs\\node.exe',
1 verbose cli   'C:\\Program Files\\nodejs\\node_modules\\npm\\bin\\npm-cli.js',
1 verbose cli   'start' ]
2 info using npm@3.3.6
3 info using node@v5.0.0
4 verbose run-script [ 'prestart', 'start', 'poststart' ]
5 info lifecycle DrawGame@0.1.0~prestart: DrawGame@0.1.0
6 silly lifecycle DrawGame@0.1.0~prestart: no script for prestart, continuing
7 info lifecycle DrawGame@0.1.0~start: DrawGame@0.1.0
8 verbose lifecycle DrawGame@0.1.0~start: unsafe-perm in lifecycle true
9 verbose lifecycle DrawGame@0.1.0~start: PATH: C:\Program Files\nodejs\node_modules\npm\bin\node-gyp-bin;C:\Users\Jordan\Documents\repos\drawgame\node_modules\.bin;C:\Users\Jordan\bin;C:\Program Files\Git\mingw64\bin;C:\Program Files\Git\usr\local\bin;C:\Program Files\Git\usr\bin;C:\Program Files\Git\usr\bin;C:\Program Files\Git\mingw64\bin;C:\Program Files\Git\usr\bin;C:\Users\Jordan\bin;C:\Program Files (x86)\Intel\iCLS Client;C:\Program Files\Intel\iCLS Client;C:\Windows\system32;C:\Windows;C:\Windows\System32\Wbem;C:\Windows\System32\WindowsPowerShell\v1.0;C:\Program Files\Intel\Intel(R) Management Engine Components\DAL;C:\Program Files\Intel\Intel(R) Management Engine Components\IPT;C:\Program Files (x86)\Intel\Intel(R) Management Engine Components\DAL;C:\Program Files (x86)\Intel\Intel(R) Management Engine Components\IPT;C:\Program Files (x86)\Windows Kits\8.1\Windows Performance Toolkit;C:\Program Files\Microsoft SQL Server\110\Tools\Binn;C:\Program Files (x86)\Microsoft SDKs\TypeScript\1.0;C:\sqlite3;C:\Program Files (x86)\NVIDIA Corporation\PhysX\Common;C:\Program Files (x86)\GNU\GnuPG\pub;C:\Program Files\nodejs;C:\Users\Jordan\AppData\Roaming\npm;C:\Program Files\Git\usr\bin\vendor_perl;C:\Program Files\Git\usr\bin\core_perl
10 verbose lifecycle DrawGame@0.1.0~start: CWD: C:\Users\Jordan\Documents\repos\drawgame
11 silly lifecycle DrawGame@0.1.0~start: Args: [ '/d /s /c', 'node server/main.js --port=9000' ]
12 silly lifecycle DrawGame@0.1.0~start: Returned: code: 1  signal: null
13 info lifecycle DrawGame@0.1.0~start: Failed to exec start script
14 verbose stack Error: DrawGame@0.1.0 start: `node server/main.js --port=9000`
14 verbose stack Exit status 1
14 verbose stack     at EventEmitter.<anonymous> (C:\Program Files\nodejs\node_modules\npm\lib\utils\lifecycle.js:233:16)
14 verbose stack     at emitTwo (events.js:87:13)
14 verbose stack     at EventEmitter.emit (events.js:172:7)
14 verbose stack     at ChildProcess.<anonymous> (C:\Program Files\nodejs\node_modules\npm\lib\utils\spawn.js:24:14)
14 verbose stack     at emitTwo (events.js:87:13)
14 verbose stack     at ChildProcess.emit (events.js:172:7)
14 verbose stack     at maybeClose (internal/child_process.js:818:16)
14 verbose stack     at Process.ChildProcess._handle.onexit (internal/child_process.js:211:5)
15 verbose pkgid DrawGame@0.1.0
16 verbose cwd C:\Users\Jordan\Documents\repos\drawgame\client
17 error Windows_NT 6.3.9600
18 error argv "C:\\Program Files\\nodejs\\node.exe" "C:\\Program Files\\nodejs\\node_modules\\npm\\bin\\npm-cli.js" "start"
19 error node v5.0.0
20 error npm  v3.3.6
21 error code ELIFECYCLE
22 error DrawGame@0.1.0 start: `node server/main.js --port=9000`
22 error Exit status 1
23 error Failed at the DrawGame@0.1.0 start script 'node server/main.js --port=9000'.
23 error This is most likely a problem with the DrawGame package,
23 error not with npm itself.
23 error Tell the author that this fails on your system:
23 error     node server/main.js --port=9000
23 error You can get their info via:
23 error     npm owner ls DrawGame
23 error There is likely additional logging output above.
24 verbose exit [ 1, true ]
